<<<<<<< HEAD
<?xml version="1.0" encoding="UTF-8"?>
<testsuite name="com.example.teamproject.TeamProJectApplicationTests" tests="1" skipped="0" failures="0" errors="0" timestamp="2023-10-31T05:52:18" hostname="WOOHEESEOP" time="0.269">
  <properties/>
  <testcase name="login()" classname="com.example.teamproject.TeamProJectApplicationTests" time="0.269"/>
  <system-out><![CDATA[14:52:12.863 [Test worker] DEBUG org.springframework.test.context.BootstrapUtils - Instantiating CacheAwareContextLoaderDelegate from class [org.springframework.test.context.cache.DefaultCacheAwareContextLoaderDelegate]
14:52:12.872 [Test worker] DEBUG org.springframework.test.context.BootstrapUtils - Instantiating BootstrapContext using constructor [public org.springframework.test.context.support.DefaultBootstrapContext(java.lang.Class,org.springframework.test.context.CacheAwareContextLoaderDelegate)]
14:52:12.900 [Test worker] DEBUG org.springframework.test.context.BootstrapUtils - Instantiating TestContextBootstrapper for test class [com.example.teamproject.TeamProJectApplicationTests] from class [org.springframework.boot.test.context.SpringBootTestContextBootstrapper]
14:52:12.915 [Test worker] INFO org.springframework.boot.test.context.SpringBootTestContextBootstrapper - Neither @ContextConfiguration nor @ContextHierarchy found for test class [com.example.teamproject.TeamProJectApplicationTests], using SpringBootContextLoader
14:52:12.919 [Test worker] DEBUG org.springframework.test.context.support.AbstractContextLoader - Did not detect default resource location for test class [com.example.teamproject.TeamProJectApplicationTests]: class path resource [com/example/teamproject/TeamProJectApplicationTests-context.xml] does not exist
14:52:12.919 [Test worker] DEBUG org.springframework.test.context.support.AbstractContextLoader - Did not detect default resource location for test class [com.example.teamproject.TeamProJectApplicationTests]: class path resource [com/example/teamproject/TeamProJectApplicationTestsContext.groovy] does not exist
14:52:12.919 [Test worker] INFO org.springframework.test.context.support.AbstractContextLoader - Could not detect default resource locations for test class [com.example.teamproject.TeamProJectApplicationTests]: no resource found for suffixes {-context.xml, Context.groovy}.
14:52:12.920 [Test worker] INFO org.springframework.test.context.support.AnnotationConfigContextLoaderUtils - Could not detect default configuration classes for test class [com.example.teamproject.TeamProJectApplicationTests]: TeamProJectApplicationTests does not declare any static, non-private, non-final, nested classes annotated with @Configuration.
14:52:12.963 [Test worker] DEBUG org.springframework.test.context.support.ActiveProfilesUtils - Could not find an 'annotation declaring class' for annotation type [org.springframework.test.context.ActiveProfiles] and class [com.example.teamproject.TeamProJectApplicationTests]
14:52:13.023 [Test worker] DEBUG org.springframework.context.annotation.ClassPathScanningCandidateComponentProvider - Identified candidate component class: file [C:\Users\WooHeeSeop\Desktop\2023-2학기 수업\TeamProJect\build\classes\java\main\com\example\teamproject\TeamProJectApplication.class]
14:52:13.024 [Test worker] INFO org.springframework.boot.test.context.SpringBootTestContextBootstrapper - Found @SpringBootConfiguration com.example.teamproject.TeamProJectApplication for test class com.example.teamproject.TeamProJectApplicationTests
14:52:13.124 [Test worker] DEBUG org.springframework.boot.test.context.SpringBootTestContextBootstrapper - @TestExecutionListeners is not present for class [com.example.teamproject.TeamProJectApplicationTests]: using defaults.
14:52:13.124 [Test worker] INFO org.springframework.boot.test.context.SpringBootTestContextBootstrapper - Loaded default TestExecutionListener class names from location [META-INF/spring.factories]: [org.springframework.boot.test.autoconfigure.restdocs.RestDocsTestExecutionListener, org.springframework.boot.test.autoconfigure.web.client.MockRestServiceServerResetTestExecutionListener, org.springframework.boot.test.autoconfigure.web.servlet.MockMvcPrintOnlyOnFailureTestExecutionListener, org.springframework.boot.test.autoconfigure.web.servlet.WebDriverTestExecutionListener, org.springframework.boot.test.autoconfigure.webservices.client.MockWebServiceServerTestExecutionListener, org.springframework.boot.test.mock.mockito.MockitoTestExecutionListener, org.springframework.boot.test.mock.mockito.ResetMocksTestExecutionListener, org.springframework.test.context.web.ServletTestExecutionListener, org.springframework.test.context.support.DirtiesContextBeforeModesTestExecutionListener, org.springframework.test.context.event.ApplicationEventsTestExecutionListener, org.springframework.test.context.support.DependencyInjectionTestExecutionListener, org.springframework.test.context.support.DirtiesContextTestExecutionListener, org.springframework.test.context.transaction.TransactionalTestExecutionListener, org.springframework.test.context.jdbc.SqlScriptsTestExecutionListener, org.springframework.test.context.event.EventPublishingTestExecutionListener]
14:52:13.141 [Test worker] INFO org.springframework.boot.test.context.SpringBootTestContextBootstrapper - Using TestExecutionListeners: [org.springframework.test.context.web.ServletTestExecutionListener@64bc21ac, org.springframework.test.context.support.DirtiesContextBeforeModesTestExecutionListener@493dfb8e, org.springframework.test.context.event.ApplicationEventsTestExecutionListener@5d25e6bb, org.springframework.boot.test.mock.mockito.MockitoTestExecutionListener@ce5a68e, org.springframework.boot.test.autoconfigure.SpringBootDependencyInjectionTestExecutionListener@9d157ff, org.springframework.test.context.support.DirtiesContextTestExecutionListener@2f162cc0, org.springframework.test.context.transaction.TransactionalTestExecutionListener@5df417a7, org.springframework.test.context.jdbc.SqlScriptsTestExecutionListener@7c041b41, org.springframework.test.context.event.EventPublishingTestExecutionListener@7f69d591, org.springframework.boot.test.autoconfigure.restdocs.RestDocsTestExecutionListener@61078690, org.springframework.boot.test.autoconfigure.web.client.MockRestServiceServerResetTestExecutionListener@1cb3ec38, org.springframework.boot.test.autoconfigure.web.servlet.MockMvcPrintOnlyOnFailureTestExecutionListener@403132fc, org.springframework.boot.test.autoconfigure.web.servlet.WebDriverTestExecutionListener@71c5b236, org.springframework.boot.test.autoconfigure.webservices.client.MockWebServiceServerTestExecutionListener@2cab9998, org.springframework.boot.test.mock.mockito.ResetMocksTestExecutionListener@2f7a7219]
14:52:13.145 [Test worker] DEBUG org.springframework.test.context.support.AbstractDirtiesContextTestExecutionListener - Before test class: context [DefaultTestContext@6fa590ba testClass = TeamProJectApplicationTests, testInstance = [null], testMethod = [null], testException = [null], mergedContextConfiguration = [WebMergedContextConfiguration@6e9319f testClass = TeamProJectApplicationTests, locations = '{}', classes = '{class com.example.teamproject.TeamProJectApplication}', contextInitializerClasses = '[]', activeProfiles = '{}', propertySourceLocations = '{}', propertySourceProperties = '{org.springframework.boot.test.context.SpringBootTestContextBootstrapper=true}', contextCustomizers = set[org.springframework.boot.test.autoconfigure.actuate.metrics.MetricsExportContextCustomizerFactory$DisableMetricExportContextCustomizer@495b0487, org.springframework.boot.test.autoconfigure.properties.PropertyMappingContextCustomizer@0, org.springframework.boot.test.autoconfigure.web.servlet.WebDriverContextCustomizerFactory$Customizer@37c7595, org.springframework.boot.test.context.filter.ExcludeFilterContextCustomizer@2d96543c, org.springframework.boot.test.json.DuplicateJsonObjectContextCustomizerFactory$DuplicateJsonObjectContextCustomizer@13f95696, org.springframework.boot.test.mock.mockito.MockitoContextCustomizer@0, org.springframework.boot.test.web.client.TestRestTemplateContextCustomizer@1cdc4c27, org.springframework.boot.test.context.SpringBootTestArgs@1, org.springframework.boot.test.context.SpringBootTestWebEnvironment@2c1b194a], resourceBasePath = 'src/main/webapp', contextLoader = 'org.springframework.boot.test.context.SpringBootContextLoader', parent = [null]], attributes = map['org.springframework.test.context.web.ServletTestExecutionListener.activateListener' -> true]], class annotated with @DirtiesContext [false] with mode [null].

  .   ____          _            __ _ _
 /\\ / ___'_ __ _ _(_)_ __  __ _ \ \ \ \
( ( )\___ | '_ | '_| | '_ \/ _` | \ \ \ \
 \\/  ___)| |_)| | | | | || (_| |  ) ) ) )
  '  |____| .__|_| |_|_| |_\__, | / / / /
 =========|_|==============|___/=/_/_/_/
 :: Spring Boot ::                (v2.6.5)

2023-10-31 14:52:13.506  INFO 3260 --- [    Test worker] c.e.t.TeamProJectApplicationTests        : Starting TeamProJectApplicationTests using Java 17.0.9 on Wooheeseop with PID 3260 (started by WooHeeSeop in C:\Users\WooHeeSeop\Desktop\2023-2학기 수업\TeamProJect)
2023-10-31 14:52:13.509  INFO 3260 --- [    Test worker] c.e.t.TeamProJectApplicationTests        : No active profile set, falling back to 1 default profile: "default"
2023-10-31 14:52:14.396  INFO 3260 --- [    Test worker] .s.d.r.c.RepositoryConfigurationDelegate : Bootstrapping Spring Data JPA repositories in DEFAULT mode.
2023-10-31 14:52:14.458  INFO 3260 --- [    Test worker] .s.d.r.c.RepositoryConfigurationDelegate : Finished Spring Data repository scanning in 51 ms. Found 1 JPA repository interfaces.
2023-10-31 14:52:15.202  INFO 3260 --- [    Test worker] o.hibernate.jpa.internal.util.LogHelper  : HHH000204: Processing PersistenceUnitInfo [name: default]
2023-10-31 14:52:15.264  INFO 3260 --- [    Test worker] org.hibernate.Version                    : HHH000412: Hibernate ORM core version 5.6.7.Final
2023-10-31 14:52:15.433  INFO 3260 --- [    Test worker] o.hibernate.annotations.common.Version   : HCANN000001: Hibernate Commons Annotations {5.1.2.Final}
2023-10-31 14:52:15.557  INFO 3260 --- [    Test worker] com.zaxxer.hikari.HikariDataSource       : HikariPool-1 - Starting...
2023-10-31 14:52:15.779  INFO 3260 --- [    Test worker] com.zaxxer.hikari.HikariDataSource       : HikariPool-1 - Start completed.
2023-10-31 14:52:15.799  INFO 3260 --- [    Test worker] org.hibernate.dialect.Dialect            : HHH000400: Using dialect: org.hibernate.dialect.MySQL5InnoDBDialect
2023-10-31 14:52:16.456  INFO 3260 --- [    Test worker] o.h.e.t.j.p.i.JtaPlatformInitiator       : HHH000490: Using JtaPlatform implementation: [org.hibernate.engine.transaction.jta.platform.internal.NoJtaPlatform]
2023-10-31 14:52:16.465  INFO 3260 --- [    Test worker] j.LocalContainerEntityManagerFactoryBean : Initialized JPA EntityManagerFactory for persistence unit 'default'
2023-10-31 14:52:17.364  INFO 3260 --- [    Test worker] o.s.s.web.DefaultSecurityFilterChain     : Will not secure any request
2023-10-31 14:52:17.646  WARN 3260 --- [    Test worker] JpaBaseConfiguration$JpaWebConfiguration : spring.jpa.open-in-view is enabled by default. Therefore, database queries may be performed during view rendering. Explicitly configure spring.jpa.open-in-view to disable this warning
2023-10-31 14:52:18.078  INFO 3260 --- [    Test worker] o.s.b.a.w.s.WelcomePageHandlerMapping    : Adding welcome page template: index
2023-10-31 14:52:18.478  INFO 3260 --- [    Test worker] c.e.t.TeamProJectApplicationTests        : Started TeamProJectApplicationTests in 5.294 seconds (JVM running for 6.463)
2023-10-31 14:52:18.518  INFO 3260 --- [    Test worker] o.s.t.c.transaction.TransactionContext   : Began transaction (1) for test context [DefaultTestContext@6fa590ba testClass = TeamProJectApplicationTests, testInstance = com.example.teamproject.TeamProJectApplicationTests@74070994, testMethod = login@TeamProJectApplicationTests, testException = [null], mergedContextConfiguration = [WebMergedContextConfiguration@6e9319f testClass = TeamProJectApplicationTests, locations = '{}', classes = '{class com.example.teamproject.TeamProJectApplication}', contextInitializerClasses = '[]', activeProfiles = '{}', propertySourceLocations = '{}', propertySourceProperties = '{org.springframework.boot.test.context.SpringBootTestContextBootstrapper=true}', contextCustomizers = set[org.springframework.boot.test.autoconfigure.actuate.metrics.MetricsExportContextCustomizerFactory$DisableMetricExportContextCustomizer@495b0487, org.springframework.boot.test.autoconfigure.properties.PropertyMappingContextCustomizer@0, org.springframework.boot.test.autoconfigure.web.servlet.WebDriverContextCustomizerFactory$Customizer@37c7595, org.springframework.boot.test.context.filter.ExcludeFilterContextCustomizer@2d96543c, org.springframework.boot.test.json.DuplicateJsonObjectContextCustomizerFactory$DuplicateJsonObjectContextCustomizer@13f95696, org.springframework.boot.test.mock.mockito.MockitoContextCustomizer@0, org.springframework.boot.test.web.client.TestRestTemplateContextCustomizer@1cdc4c27, org.springframework.boot.test.context.SpringBootTestArgs@1, org.springframework.boot.test.context.SpringBootTestWebEnvironment@2c1b194a], resourceBasePath = 'src/main/webapp', contextLoader = 'org.springframework.boot.test.context.SpringBootContextLoader', parent = [null]], attributes = map['org.springframework.test.context.web.ServletTestExecutionListener.activateListener' -> true, 'org.springframework.test.context.web.ServletTestExecutionListener.populatedRequestContextHolder' -> true, 'org.springframework.test.context.web.ServletTestExecutionListener.resetRequestContextHolder' -> true, 'org.springframework.test.context.event.ApplicationEventsTestExecutionListener.recordApplicationEvents' -> false]]; transaction manager [org.springframework.orm.jpa.JpaTransactionManager@61c4fc34]; rollback [true]
Hibernate: insert into user_info (role, creat_at, email, password, phone_number, username) values (?, ?, ?, ?, ?, ?)
2023-10-31 14:52:18.770  INFO 3260 --- [    Test worker] o.s.t.c.transaction.TransactionContext   : Rolled back transaction for test: [DefaultTestContext@6fa590ba testClass = TeamProJectApplicationTests, testInstance = com.example.teamproject.TeamProJectApplicationTests@74070994, testMethod = login@TeamProJectApplicationTests, testException = [null], mergedContextConfiguration = [WebMergedContextConfiguration@6e9319f testClass = TeamProJectApplicationTests, locations = '{}', classes = '{class com.example.teamproject.TeamProJectApplication}', contextInitializerClasses = '[]', activeProfiles = '{}', propertySourceLocations = '{}', propertySourceProperties = '{org.springframework.boot.test.context.SpringBootTestContextBootstrapper=true}', contextCustomizers = set[org.springframework.boot.test.autoconfigure.actuate.metrics.MetricsExportContextCustomizerFactory$DisableMetricExportContextCustomizer@495b0487, org.springframework.boot.test.autoconfigure.properties.PropertyMappingContextCustomizer@0, org.springframework.boot.test.autoconfigure.web.servlet.WebDriverContextCustomizerFactory$Customizer@37c7595, org.springframework.boot.test.context.filter.ExcludeFilterContextCustomizer@2d96543c, org.springframework.boot.test.json.DuplicateJsonObjectContextCustomizerFactory$DuplicateJsonObjectContextCustomizer@13f95696, org.springframework.boot.test.mock.mockito.MockitoContextCustomizer@0, org.springframework.boot.test.web.client.TestRestTemplateContextCustomizer@1cdc4c27, org.springframework.boot.test.context.SpringBootTestArgs@1, org.springframework.boot.test.context.SpringBootTestWebEnvironment@2c1b194a], resourceBasePath = 'src/main/webapp', contextLoader = 'org.springframework.boot.test.context.SpringBootContextLoader', parent = [null]], attributes = map['org.springframework.test.context.web.ServletTestExecutionListener.activateListener' -> true, 'org.springframework.test.context.web.ServletTestExecutionListener.populatedRequestContextHolder' -> true, 'org.springframework.test.context.web.ServletTestExecutionListener.resetRequestContextHolder' -> true, 'org.springframework.test.context.event.ApplicationEventsTestExecutionListener.recordApplicationEvents' -> false]]
]]></system-out>
  <system-err><![CDATA[]]></system-err>
</testsuite>
=======
<?xml version="1.0" encoding="UTF-8"?>
<testsuite name="com.example.teamproject.TeamProJectApplicationTests" tests="1" skipped="0" failures="0" errors="0" timestamp="2023-10-31T05:52:18" hostname="WOOHEESEOP" time="0.269">
  <properties/>
  <testcase name="login()" classname="com.example.teamproject.TeamProJectApplicationTests" time="0.269"/>
  <system-out><![CDATA[14:52:12.863 [Test worker] DEBUG org.springframework.test.context.BootstrapUtils - Instantiating CacheAwareContextLoaderDelegate from class [org.springframework.test.context.cache.DefaultCacheAwareContextLoaderDelegate]
14:52:12.872 [Test worker] DEBUG org.springframework.test.context.BootstrapUtils - Instantiating BootstrapContext using constructor [public org.springframework.test.context.support.DefaultBootstrapContext(java.lang.Class,org.springframework.test.context.CacheAwareContextLoaderDelegate)]
14:52:12.900 [Test worker] DEBUG org.springframework.test.context.BootstrapUtils - Instantiating TestContextBootstrapper for test class [com.example.teamproject.TeamProJectApplicationTests] from class [org.springframework.boot.test.context.SpringBootTestContextBootstrapper]
14:52:12.915 [Test worker] INFO org.springframework.boot.test.context.SpringBootTestContextBootstrapper - Neither @ContextConfiguration nor @ContextHierarchy found for test class [com.example.teamproject.TeamProJectApplicationTests], using SpringBootContextLoader
14:52:12.919 [Test worker] DEBUG org.springframework.test.context.support.AbstractContextLoader - Did not detect default resource location for test class [com.example.teamproject.TeamProJectApplicationTests]: class path resource [com/example/teamproject/TeamProJectApplicationTests-context.xml] does not exist
14:52:12.919 [Test worker] DEBUG org.springframework.test.context.support.AbstractContextLoader - Did not detect default resource location for test class [com.example.teamproject.TeamProJectApplicationTests]: class path resource [com/example/teamproject/TeamProJectApplicationTestsContext.groovy] does not exist
14:52:12.919 [Test worker] INFO org.springframework.test.context.support.AbstractContextLoader - Could not detect default resource locations for test class [com.example.teamproject.TeamProJectApplicationTests]: no resource found for suffixes {-context.xml, Context.groovy}.
14:52:12.920 [Test worker] INFO org.springframework.test.context.support.AnnotationConfigContextLoaderUtils - Could not detect default configuration classes for test class [com.example.teamproject.TeamProJectApplicationTests]: TeamProJectApplicationTests does not declare any static, non-private, non-final, nested classes annotated with @Configuration.
14:52:12.963 [Test worker] DEBUG org.springframework.test.context.support.ActiveProfilesUtils - Could not find an 'annotation declaring class' for annotation type [org.springframework.test.context.ActiveProfiles] and class [com.example.teamproject.TeamProJectApplicationTests]
14:52:13.023 [Test worker] DEBUG org.springframework.context.annotation.ClassPathScanningCandidateComponentProvider - Identified candidate component class: file [C:\Users\WooHeeSeop\Desktop\2023-2학기 수업\TeamProJect\build\classes\java\main\com\example\teamproject\TeamProJectApplication.class]
14:52:13.024 [Test worker] INFO org.springframework.boot.test.context.SpringBootTestContextBootstrapper - Found @SpringBootConfiguration com.example.teamproject.TeamProJectApplication for test class com.example.teamproject.TeamProJectApplicationTests
14:52:13.124 [Test worker] DEBUG org.springframework.boot.test.context.SpringBootTestContextBootstrapper - @TestExecutionListeners is not present for class [com.example.teamproject.TeamProJectApplicationTests]: using defaults.
14:52:13.124 [Test worker] INFO org.springframework.boot.test.context.SpringBootTestContextBootstrapper - Loaded default TestExecutionListener class names from location [META-INF/spring.factories]: [org.springframework.boot.test.autoconfigure.restdocs.RestDocsTestExecutionListener, org.springframework.boot.test.autoconfigure.web.client.MockRestServiceServerResetTestExecutionListener, org.springframework.boot.test.autoconfigure.web.servlet.MockMvcPrintOnlyOnFailureTestExecutionListener, org.springframework.boot.test.autoconfigure.web.servlet.WebDriverTestExecutionListener, org.springframework.boot.test.autoconfigure.webservices.client.MockWebServiceServerTestExecutionListener, org.springframework.boot.test.mock.mockito.MockitoTestExecutionListener, org.springframework.boot.test.mock.mockito.ResetMocksTestExecutionListener, org.springframework.test.context.web.ServletTestExecutionListener, org.springframework.test.context.support.DirtiesContextBeforeModesTestExecutionListener, org.springframework.test.context.event.ApplicationEventsTestExecutionListener, org.springframework.test.context.support.DependencyInjectionTestExecutionListener, org.springframework.test.context.support.DirtiesContextTestExecutionListener, org.springframework.test.context.transaction.TransactionalTestExecutionListener, org.springframework.test.context.jdbc.SqlScriptsTestExecutionListener, org.springframework.test.context.event.EventPublishingTestExecutionListener]
14:52:13.141 [Test worker] INFO org.springframework.boot.test.context.SpringBootTestContextBootstrapper - Using TestExecutionListeners: [org.springframework.test.context.web.ServletTestExecutionListener@64bc21ac, org.springframework.test.context.support.DirtiesContextBeforeModesTestExecutionListener@493dfb8e, org.springframework.test.context.event.ApplicationEventsTestExecutionListener@5d25e6bb, org.springframework.boot.test.mock.mockito.MockitoTestExecutionListener@ce5a68e, org.springframework.boot.test.autoconfigure.SpringBootDependencyInjectionTestExecutionListener@9d157ff, org.springframework.test.context.support.DirtiesContextTestExecutionListener@2f162cc0, org.springframework.test.context.transaction.TransactionalTestExecutionListener@5df417a7, org.springframework.test.context.jdbc.SqlScriptsTestExecutionListener@7c041b41, org.springframework.test.context.event.EventPublishingTestExecutionListener@7f69d591, org.springframework.boot.test.autoconfigure.restdocs.RestDocsTestExecutionListener@61078690, org.springframework.boot.test.autoconfigure.web.client.MockRestServiceServerResetTestExecutionListener@1cb3ec38, org.springframework.boot.test.autoconfigure.web.servlet.MockMvcPrintOnlyOnFailureTestExecutionListener@403132fc, org.springframework.boot.test.autoconfigure.web.servlet.WebDriverTestExecutionListener@71c5b236, org.springframework.boot.test.autoconfigure.webservices.client.MockWebServiceServerTestExecutionListener@2cab9998, org.springframework.boot.test.mock.mockito.ResetMocksTestExecutionListener@2f7a7219]
14:52:13.145 [Test worker] DEBUG org.springframework.test.context.support.AbstractDirtiesContextTestExecutionListener - Before test class: context [DefaultTestContext@6fa590ba testClass = TeamProJectApplicationTests, testInstance = [null], testMethod = [null], testException = [null], mergedContextConfiguration = [WebMergedContextConfiguration@6e9319f testClass = TeamProJectApplicationTests, locations = '{}', classes = '{class com.example.teamproject.TeamProJectApplication}', contextInitializerClasses = '[]', activeProfiles = '{}', propertySourceLocations = '{}', propertySourceProperties = '{org.springframework.boot.test.context.SpringBootTestContextBootstrapper=true}', contextCustomizers = set[org.springframework.boot.test.autoconfigure.actuate.metrics.MetricsExportContextCustomizerFactory$DisableMetricExportContextCustomizer@495b0487, org.springframework.boot.test.autoconfigure.properties.PropertyMappingContextCustomizer@0, org.springframework.boot.test.autoconfigure.web.servlet.WebDriverContextCustomizerFactory$Customizer@37c7595, org.springframework.boot.test.context.filter.ExcludeFilterContextCustomizer@2d96543c, org.springframework.boot.test.json.DuplicateJsonObjectContextCustomizerFactory$DuplicateJsonObjectContextCustomizer@13f95696, org.springframework.boot.test.mock.mockito.MockitoContextCustomizer@0, org.springframework.boot.test.web.client.TestRestTemplateContextCustomizer@1cdc4c27, org.springframework.boot.test.context.SpringBootTestArgs@1, org.springframework.boot.test.context.SpringBootTestWebEnvironment@2c1b194a], resourceBasePath = 'src/main/webapp', contextLoader = 'org.springframework.boot.test.context.SpringBootContextLoader', parent = [null]], attributes = map['org.springframework.test.context.web.ServletTestExecutionListener.activateListener' -> true]], class annotated with @DirtiesContext [false] with mode [null].

  .   ____          _            __ _ _
 /\\ / ___'_ __ _ _(_)_ __  __ _ \ \ \ \
( ( )\___ | '_ | '_| | '_ \/ _` | \ \ \ \
 \\/  ___)| |_)| | | | | || (_| |  ) ) ) )
  '  |____| .__|_| |_|_| |_\__, | / / / /
 =========|_|==============|___/=/_/_/_/
 :: Spring Boot ::                (v2.6.5)

2023-10-31 14:52:13.506  INFO 3260 --- [    Test worker] c.e.t.TeamProJectApplicationTests        : Starting TeamProJectApplicationTests using Java 17.0.9 on Wooheeseop with PID 3260 (started by WooHeeSeop in C:\Users\WooHeeSeop\Desktop\2023-2학기 수업\TeamProJect)
2023-10-31 14:52:13.509  INFO 3260 --- [    Test worker] c.e.t.TeamProJectApplicationTests        : No active profile set, falling back to 1 default profile: "default"
2023-10-31 14:52:14.396  INFO 3260 --- [    Test worker] .s.d.r.c.RepositoryConfigurationDelegate : Bootstrapping Spring Data JPA repositories in DEFAULT mode.
2023-10-31 14:52:14.458  INFO 3260 --- [    Test worker] .s.d.r.c.RepositoryConfigurationDelegate : Finished Spring Data repository scanning in 51 ms. Found 1 JPA repository interfaces.
2023-10-31 14:52:15.202  INFO 3260 --- [    Test worker] o.hibernate.jpa.internal.util.LogHelper  : HHH000204: Processing PersistenceUnitInfo [name: default]
2023-10-31 14:52:15.264  INFO 3260 --- [    Test worker] org.hibernate.Version                    : HHH000412: Hibernate ORM core version 5.6.7.Final
2023-10-31 14:52:15.433  INFO 3260 --- [    Test worker] o.hibernate.annotations.common.Version   : HCANN000001: Hibernate Commons Annotations {5.1.2.Final}
2023-10-31 14:52:15.557  INFO 3260 --- [    Test worker] com.zaxxer.hikari.HikariDataSource       : HikariPool-1 - Starting...
2023-10-31 14:52:15.779  INFO 3260 --- [    Test worker] com.zaxxer.hikari.HikariDataSource       : HikariPool-1 - Start completed.
2023-10-31 14:52:15.799  INFO 3260 --- [    Test worker] org.hibernate.dialect.Dialect            : HHH000400: Using dialect: org.hibernate.dialect.MySQL5InnoDBDialect
2023-10-31 14:52:16.456  INFO 3260 --- [    Test worker] o.h.e.t.j.p.i.JtaPlatformInitiator       : HHH000490: Using JtaPlatform implementation: [org.hibernate.engine.transaction.jta.platform.internal.NoJtaPlatform]
2023-10-31 14:52:16.465  INFO 3260 --- [    Test worker] j.LocalContainerEntityManagerFactoryBean : Initialized JPA EntityManagerFactory for persistence unit 'default'
2023-10-31 14:52:17.364  INFO 3260 --- [    Test worker] o.s.s.web.DefaultSecurityFilterChain     : Will not secure any request
2023-10-31 14:52:17.646  WARN 3260 --- [    Test worker] JpaBaseConfiguration$JpaWebConfiguration : spring.jpa.open-in-view is enabled by default. Therefore, database queries may be performed during view rendering. Explicitly configure spring.jpa.open-in-view to disable this warning
2023-10-31 14:52:18.078  INFO 3260 --- [    Test worker] o.s.b.a.w.s.WelcomePageHandlerMapping    : Adding welcome page template: index
2023-10-31 14:52:18.478  INFO 3260 --- [    Test worker] c.e.t.TeamProJectApplicationTests        : Started TeamProJectApplicationTests in 5.294 seconds (JVM running for 6.463)
2023-10-31 14:52:18.518  INFO 3260 --- [    Test worker] o.s.t.c.transaction.TransactionContext   : Began transaction (1) for test context [DefaultTestContext@6fa590ba testClass = TeamProJectApplicationTests, testInstance = com.example.teamproject.TeamProJectApplicationTests@74070994, testMethod = login@TeamProJectApplicationTests, testException = [null], mergedContextConfiguration = [WebMergedContextConfiguration@6e9319f testClass = TeamProJectApplicationTests, locations = '{}', classes = '{class com.example.teamproject.TeamProJectApplication}', contextInitializerClasses = '[]', activeProfiles = '{}', propertySourceLocations = '{}', propertySourceProperties = '{org.springframework.boot.test.context.SpringBootTestContextBootstrapper=true}', contextCustomizers = set[org.springframework.boot.test.autoconfigure.actuate.metrics.MetricsExportContextCustomizerFactory$DisableMetricExportContextCustomizer@495b0487, org.springframework.boot.test.autoconfigure.properties.PropertyMappingContextCustomizer@0, org.springframework.boot.test.autoconfigure.web.servlet.WebDriverContextCustomizerFactory$Customizer@37c7595, org.springframework.boot.test.context.filter.ExcludeFilterContextCustomizer@2d96543c, org.springframework.boot.test.json.DuplicateJsonObjectContextCustomizerFactory$DuplicateJsonObjectContextCustomizer@13f95696, org.springframework.boot.test.mock.mockito.MockitoContextCustomizer@0, org.springframework.boot.test.web.client.TestRestTemplateContextCustomizer@1cdc4c27, org.springframework.boot.test.context.SpringBootTestArgs@1, org.springframework.boot.test.context.SpringBootTestWebEnvironment@2c1b194a], resourceBasePath = 'src/main/webapp', contextLoader = 'org.springframework.boot.test.context.SpringBootContextLoader', parent = [null]], attributes = map['org.springframework.test.context.web.ServletTestExecutionListener.activateListener' -> true, 'org.springframework.test.context.web.ServletTestExecutionListener.populatedRequestContextHolder' -> true, 'org.springframework.test.context.web.ServletTestExecutionListener.resetRequestContextHolder' -> true, 'org.springframework.test.context.event.ApplicationEventsTestExecutionListener.recordApplicationEvents' -> false]]; transaction manager [org.springframework.orm.jpa.JpaTransactionManager@61c4fc34]; rollback [true]
Hibernate: insert into user_info (role, creat_at, email, password, phone_number, username) values (?, ?, ?, ?, ?, ?)
2023-10-31 14:52:18.770  INFO 3260 --- [    Test worker] o.s.t.c.transaction.TransactionContext   : Rolled back transaction for test: [DefaultTestContext@6fa590ba testClass = TeamProJectApplicationTests, testInstance = com.example.teamproject.TeamProJectApplicationTests@74070994, testMethod = login@TeamProJectApplicationTests, testException = [null], mergedContextConfiguration = [WebMergedContextConfiguration@6e9319f testClass = TeamProJectApplicationTests, locations = '{}', classes = '{class com.example.teamproject.TeamProJectApplication}', contextInitializerClasses = '[]', activeProfiles = '{}', propertySourceLocations = '{}', propertySourceProperties = '{org.springframework.boot.test.context.SpringBootTestContextBootstrapper=true}', contextCustomizers = set[org.springframework.boot.test.autoconfigure.actuate.metrics.MetricsExportContextCustomizerFactory$DisableMetricExportContextCustomizer@495b0487, org.springframework.boot.test.autoconfigure.properties.PropertyMappingContextCustomizer@0, org.springframework.boot.test.autoconfigure.web.servlet.WebDriverContextCustomizerFactory$Customizer@37c7595, org.springframework.boot.test.context.filter.ExcludeFilterContextCustomizer@2d96543c, org.springframework.boot.test.json.DuplicateJsonObjectContextCustomizerFactory$DuplicateJsonObjectContextCustomizer@13f95696, org.springframework.boot.test.mock.mockito.MockitoContextCustomizer@0, org.springframework.boot.test.web.client.TestRestTemplateContextCustomizer@1cdc4c27, org.springframework.boot.test.context.SpringBootTestArgs@1, org.springframework.boot.test.context.SpringBootTestWebEnvironment@2c1b194a], resourceBasePath = 'src/main/webapp', contextLoader = 'org.springframework.boot.test.context.SpringBootContextLoader', parent = [null]], attributes = map['org.springframework.test.context.web.ServletTestExecutionListener.activateListener' -> true, 'org.springframework.test.context.web.ServletTestExecutionListener.populatedRequestContextHolder' -> true, 'org.springframework.test.context.web.ServletTestExecutionListener.resetRequestContextHolder' -> true, 'org.springframework.test.context.event.ApplicationEventsTestExecutionListener.recordApplicationEvents' -> false]]
]]></system-out>
  <system-err><![CDATA[]]></system-err>
</testsuite>
>>>>>>> ec39bc92820df73215dd9b39b629f9db2cbb79f2
